c:\users\hovhannes.stepanyan\desktop\phone ui - hovig\phone ui\x64\debug\vc141.pdb
c:\users\hovhannes.stepanyan\desktop\phone ui - hovig\phone ui\x64\debug\vc141.idb
c:\users\hovhannes.stepanyan\desktop\phone ui - hovig\phone ui\x64\debug\camera.obj
c:\users\hovhannes.stepanyan\desktop\phone ui - hovig\phone ui\x64\debug\dayplanner.obj
c:\users\hovhannes.stepanyan\desktop\phone ui - hovig\phone ui\x64\debug\emailclient.obj
c:\users\hovhannes.stepanyan\desktop\phone ui - hovig\phone ui\x64\debug\gameconsole.obj
c:\users\hovhannes.stepanyan\desktop\phone ui - hovig\phone ui\x64\debug\gmail.obj
c:\users\hovhannes.stepanyan\desktop\phone ui - hovig\phone ui\x64\debug\messaging.obj
c:\users\hovhannes.stepanyan\desktop\phone ui - hovig\phone ui\x64\debug\mms.obj
c:\users\hovhannes.stepanyan\desktop\phone ui - hovig\phone ui\x64\debug\mp3player.obj
c:\users\hovhannes.stepanyan\desktop\phone ui - hovig\phone ui\x64\debug\phone.obj
c:\users\hovhannes.stepanyan\desktop\phone ui - hovig\phone ui\x64\debug\picturecam.obj
c:\users\hovhannes.stepanyan\desktop\phone ui - hovig\phone ui\x64\debug\player.obj
c:\users\hovhannes.stepanyan\desktop\phone ui - hovig\phone ui\x64\debug\service.obj
c:\users\hovhannes.stepanyan\desktop\phone ui - hovig\phone ui\x64\debug\smallmsg.obj
c:\users\hovhannes.stepanyan\desktop\phone ui - hovig\phone ui\x64\debug\videocam.obj
c:\users\hovhannes.stepanyan\desktop\phone ui - hovig\phone ui\x64\debug\videoplayer.obj
c:\users\hovhannes.stepanyan\desktop\phone ui - hovig\phone ui\x64\debug\webbrowser.obj
c:\users\hovhannes.stepanyan\desktop\phone ui - hovig\phone ui\x64\debug\yahoo.obj
c:\users\hovhannes.stepanyan\desktop\phone ui - hovig\phone ui\x64\debug\phone ui.tlog\cl.command.1.tlog
c:\users\hovhannes.stepanyan\desktop\phone ui - hovig\phone ui\x64\debug\phone ui.tlog\cl.read.1.tlog
c:\users\hovhannes.stepanyan\desktop\phone ui - hovig\phone ui\x64\debug\phone ui.tlog\cl.write.1.tlog
