  Yahoo.cpp
  Webbrowser.cpp
  VideoPlayer.cpp
  Videocam.cpp
  smallmsg.cpp
  Service.cpp
  Player.cpp
  Picturecam.cpp
  phone.cpp
  mp3player.cpp
  MMS.cpp
  Messaging.cpp
  main.cpp
  Gmail.cpp
  Gameconsole.cpp
  Emailclient.cpp
  Dayplanner.cpp
  Camera.cpp
  Generating Code...
c:\users\evestus\desktop\my c++\phone ui-hovig\phone ui\main.cpp(72): warning C4700: uninitialized local variable 'Choice1' used
c:\users\evestus\desktop\my c++\phone ui-hovig\phone ui\main.cpp(99): warning C4700: uninitialized local variable 'choice' used
c:\users\evestus\desktop\my c++\phone ui-hovig\phone ui\main.cpp(118): warning C4700: uninitialized local variable 'choice1' used
c:\users\evestus\desktop\my c++\phone ui-hovig\phone ui\main.cpp(137): warning C4700: uninitialized local variable 'Choice2' used
c:\users\evestus\desktop\my c++\phone ui-hovig\phone ui\main.cpp(157): warning C4700: uninitialized local variable 'Choice3' used
c:\users\evestus\desktop\my c++\phone ui-hovig\phone ui\main.cpp(186): warning C4700: uninitialized local variable 'choice4' used
c:\users\evestus\desktop\my c++\phone ui-hovig\phone ui\main.cpp(210): warning C4700: uninitialized local variable 'Choice5' used
c:\users\evestus\desktop\my c++\phone ui-hovig\phone ui\main.cpp(228): warning C4700: uninitialized local variable 'Choice6' used
c:\users\evestus\desktop\my c++\phone ui-hovig\phone ui\main.cpp(248): warning C4700: uninitialized local variable 'Choice7' used
c:\users\evestus\desktop\my c++\phone ui-hovig\phone ui\main.cpp(275): warning C4700: uninitialized local variable 'Choice8' used
LINK : fatal error LNK1104: cannot open file 'kernel32.lib'
